Copyright 1986-2018 Xilinx, Inc. All Rights Reserved.
------------------------------------------------------------------------------------------
| Tool Version : Vivado v.2018.2 (win64) Build 2258646 Thu Jun 14 20:03:12 MDT 2018
| Date         : Sun May 25 15:11:43 2025
| Host         : Dekstop-Dion running 64-bit major release  (build 9200)
| Command      : report_control_sets -verbose -file NanoProcessor_control_sets_placed.rpt
| Design       : NanoProcessor
| Device       : xc7a35t
------------------------------------------------------------------------------------------

Control Set Information

Table of Contents
-----------------
1. Summary
2. Histogram
3. Flip-Flop Distribution
4. Detailed Control Set Information

1. Summary
----------

+----------------------------------------------------------+-------+
|                          Status                          | Count |
+----------------------------------------------------------+-------+
| Number of unique control sets                            |     6 |
| Unused register locations in slices containing registers |    14 |
+----------------------------------------------------------+-------+


2. Histogram
------------

+--------+--------------+
| Fanout | Control Sets |
+--------+--------------+
|      4 |            1 |
|      6 |            1 |
|      8 |            2 |
|     10 |            1 |
|    16+ |            1 |
+--------+--------------+


3. Flip-Flop Distribution
-------------------------

+--------------+-----------------------+------------------------+-----------------+--------------+
| Clock Enable | Synchronous Set/Reset | Asynchronous Set/Reset | Total Registers | Total Slices |
+--------------+-----------------------+------------------------+-----------------+--------------+
| No           | No                    | No                     |               4 |            1 |
| No           | No                    | Yes                    |               6 |            1 |
| No           | Yes                   | No                     |              62 |            8 |
| Yes          | No                    | No                     |               0 |            0 |
| Yes          | No                    | Yes                    |               0 |            0 |
| Yes          | Yes                   | No                     |              26 |            7 |
+--------------+-----------------------+------------------------+-----------------+--------------+


4. Detailed Control Set Information
-----------------------------------

+-----------------+-------------------+-----------------------+------------------+----------------+
|   Clock Signal  |   Enable Signal   |    Set/Reset Signal   | Slice Load Count | Bel Load Count |
+-----------------+-------------------+-----------------------+------------------+----------------+
|  Clk_IBUF_BUFG  |                   |                       |                1 |              4 |
|  Slow_Clk_0/CLK |                   | Res_IBUF              |                1 |              6 |
|  Slow_Clk_0/CLK | PC_0/selection[0] | Res_IBUF              |                3 |              8 |
|  Slow_Clk_0/CLK | PC_0/selection[1] | Res_IBUF              |                2 |              8 |
|  Slow_Clk_0/CLK | PC_0/selection[2] | Res_IBUF              |                2 |             10 |
|  Clk_IBUF_BUFG  |                   | Slow_Clk_0/clk_status |                8 |             62 |
+-----------------+-------------------+-----------------------+------------------+----------------+


